android_15/build/outputs/logs/manifest-merger-release-report.txt
-- Merging decision tree log ---
manifest
ADDED from android_core/android_15/AndroidManifest.xml:2:1-49
INJECTED from android_core/android_15/AndroidManifest.xml:2:1-49
INJECTED from android_core/android_15/AndroidManifest.xml:2:1-49
INJECTED from android_core/android_15/AndroidManifest.xml:2:1-49
INJECTED from android_core/android_15/AndroidManifest.xml:2:1-49
INJECTED from android_core/android_15/AndroidManifest.xml:2:1-49
INJECTED from android_core/android_15/AndroidManifest.xml:2:1-49
	package
		ADDED from android_core/android_15/AndroidManifest.xml:2:11-47
		INJECTED from android_core/android_15/AndroidManifest.xml
		INJECTED from android_core/android_15/AndroidManifest.xml
	android:versionName
		INJECTED from android_core/android_15/AndroidManifest.xml
		ADDED from android_core/android_15/AndroidManifest.xml:2:1-49
		INJECTED from android_core/android_15/AndroidManifest.xml
	xmlns:android
		ADDED from android_core/android_15/AndroidManifest.xml:2:1-49
	android:versionCode
		INJECTED from android_core/android_15/AndroidManifest.xml
		ADDED from android_core/android_15/AndroidManifest.xml:2:1-49
		INJECTED from android_core/android_15/AndroidManifest.xml
uses-sdk
INJECTED from android_core/android_15/AndroidManifest.xml reason: use-sdk injection requested
INJECTED from android_core/android_15/AndroidManifest.xml
INJECTED from android_core/android_15/AndroidManifest.xml
INJECTED from android_core/android_15/AndroidManifest.xml
INJECTED from android_core/android_15/AndroidManifest.xml
	android:targetSdkVersion
		INJECTED from android_core/android_15/AndroidManifest.xml
		ADDED from android_core/android_15/AndroidManifest.xml
		INJECTED from android_core/android_15/AndroidManifest.xml
	android:minSdkVersion
		INJECTED from android_core/android_15/AndroidManifest.xml
		ADDED from android_core/android_15/AndroidManifest.xml
		INJECTED from android_core/android_15/AndroidManifest.xml